Case #1: 1 0
Case #2: 1 0
Case #3: 1 1
Case #4: 0 0
Case #5: 500 499
Case #6: 1 1
Case #7: 1 1
Case #8: 1 1
Case #9: 1 1
Case #10: 0 0
Case #11: 1 0
Case #12: 0 0
Case #13: 3 3
Case #14: 1 1
Case #15: 1 1
Case #16: 0 0
Case #17: 1 1
Case #18: 1 1
Case #19: 1 1
Case #20: 0 0
Case #21: 1 0
Case #22: 0 0
Case #23: 0 0
Case #24: 0 0
Case #25: 7 7
Case #26: 3 3
Case #27: 0 0
Case #28: 1 1
Case #29: 0 0
Case #30: 1 1
Case #31: 0 0
Case #32: 0 0
Case #33: 1 1
Case #34: 0 0
Case #35: 0 0
Case #36: 0 0
Case #37: 1 1
Case #38: 499 499
Case #39: 1 1
Case #40: 0 0
Case #41: 0 0
Case #42: 1 0
Case #43: 1 1
Case #44: 3 3
Case #45: 1 1
Case #46: 125 124
Case #47: 0 0
Case #48: 1 1
Case #49: 0 0
Case #50: 0 0
Case #51: 1 1
Case #52: 7 7
Case #53: 0 0
Case #54: 0 0
Case #55: 0 0
Case #56: 1 0
Case #57: 2 1
Case #58: 1 1
Case #59: 0 0
Case #60: 0 0
Case #61: 0 0
Case #62: 1 1
Case #63: 250 249
Case #64: 0 0
Case #65: 0 0
Case #66: 1 1
Case #67: 0 0
Case #68: 3 3
Case #69: 1 0
Case #70: 0 0
Case #71: 250 249
Case #72: 3 3
Case #73: 0 0
Case #74: 0 0
Case #75: 0 0
Case #76: 3 3
Case #77: 0 0
Case #78: 0 0
Case #79: 3 3
Case #80: 0 0
Case #81: 1 1
Case #82: 1 1
Case #83: 249 249
Case #84: 3 3
Case #85: 1 1
Case #86: 1 1
Case #87: 0 0
Case #88: 0 0
Case #89: 1 0
Case #90: 0 0
Case #91: 0 0
Case #92: 0 0
Case #93: 0 0
Case #94: 0 0
Case #95: 0 0
Case #96: 1 1
Case #97: 0 0
Case #98: 1 1
Case #99: 0 0
Case #100: 2 2
