0x7100d0
./mythread_2.cpp
[Dir encountered] ./.
./parallel_sorting.cpp
[Dir encountered] ./slides
0x71acd0
./slides/emc15_zhuangh_v4_v1.ppt
[Dir encountered] ./slides/.
./slides/2015_09_simulation_algorithms_v3.pptx
./slides/2015_10_simulation_algorithms_hku_zhuang.pptx
./slides/2015_09_simulation_algorithms_v3.pdf
./slides/emc15_zhuangh_v4.ppt
[Dir encountered] ./slides/..
[Dir encountered] ./slides/2015_SiliconValley_talk
0x115ece0
./slides/2015_SiliconValley_talk/SimExpCK_v3.pptx
[Dir encountered] ./slides/2015_SiliconValley_talk/.
./slides/2015_SiliconValley_talk/SimExpCK_v6.pptx
./slides/2015_SiliconValley_talk/SimExpCK_v4.pptx
./slides/2015_SiliconValley_talk/SimExpCK_v2.pptx
[Dir encountered] ./slides/2015_SiliconValley_talk/..
./slides/2015_SiliconValley_talk/SimExpCK_v5.pptx
./slides/2015_SiliconValley_talk/SimExp_v2.pptx
./slides/2015_SiliconValley_talk/SimExp_v3.pptx
./slides/2015_SiliconValley_talk/SimExp.pptx
./slides/2015_SiliconValley_talk/SimExpCK.pptx
./slides/2015_09_simulation_algorithms.pptx
[Dir encountered] ./slides/2015EMC
0x115ece0
[Dir encountered] ./slides/2015EMC/.
./slides/2015EMC/dac15_v2.pptx
./slides/2015EMC/emc15_zhuangh_v3.pdf
./slides/2015EMC/emc15_zhuangh_v4.pptx
[Dir encountered] ./slides/2015EMC/..
./slides/2015EMC/emc15_zhuangh_v2.pptx
./slides/2015EMC/SimExpCK_v5.pptx
./slides/2015EMC/emc15_zhuangh_v3.pptx
./slides/2015EMC/emc15_v1.pptx
./slides/2015EMC/emc15_zhuangh_v4.pdf
./slides/2015EMC/emc15_zhuangh_v1.pptx
./slides/2015_10_simulation_algorithms_share_zhuang.pptx
[Dir encountered] ./slides/2015China
0x115ece0
[Dir encountered] ./slides/2015China/.
./slides/2015China/2015_09_simulation_algorithms_v3.pptx
./slides/2015China/2015_09_simulation_algorithms_v3.pdf
[Dir encountered] ./slides/2015China/..
./slides/2015China/2015_09_simulation_algorithms.pptx
./slides/2015China/2015_10_simulation_algorithms_share_zhuang.pptx
./slides/2015China/2015_09_simulation_algorithms.pdf
./slides/2015China/2015_10_simulation_algorithms_share_zhuang.pdf
./slides/simulation_algorithms.pptx
[Dir encountered] ./slides/beamer
0x115ece0
[Dir encountered] ./slides/beamer/.
[Dir encountered] ./slides/beamer/..
[Dir encountered] ./slides/beamer/2015_04_24_Jaccard and Arccos
0x41b2c10
[Dir encountered] ./slides/beamer/2015_04_24_Jaccard and Arccos/.
./slides/beamer/2015_04_24_Jaccard and Arccos/Presentation.toc
./slides/beamer/2015_04_24_Jaccard and Arccos/Presentation.bbl
./slides/beamer/2015_04_24_Jaccard and Arccos/Presentation.synctex.gz
./slides/beamer/2015_04_24_Jaccard and Arccos/Presentation.tex.bak
[Dir encountered] ./slides/beamer/2015_04_24_Jaccard and Arccos/pics
0x41dc870
./slides/beamer/2015_04_24_Jaccard and Arccos/pics/Fractal.JPG
[Dir encountered] ./slides/beamer/2015_04_24_Jaccard and Arccos/pics/.
./slides/beamer/2015_04_24_Jaccard and Arccos/pics/Decomposition.JPG
./slides/beamer/2015_04_24_Jaccard and Arccos/pics/Surface.JPG
./slides/beamer/2015_04_24_Jaccard and Arccos/pics/VanDerPol.JPG
./slides/beamer/2015_04_24_Jaccard and Arccos/pics/LorenzSurface.JPG
./slides/beamer/2015_04_24_Jaccard and Arccos/pics/LorenzAttractor.jpg
./slides/beamer/2015_04_24_Jaccard and Arccos/pics/attractor.JPG
[Dir encountered] ./slides/beamer/2015_04_24_Jaccard and Arccos/pics/..
./slides/beamer/2015_04_24_Jaccard and Arccos/pics/Transition.jpg
./slides/beamer/2015_04_24_Jaccard and Arccos/pics/A-Type.JPG
./slides/beamer/2015_04_24_Jaccard and Arccos/pics/Transition.bmp
./slides/beamer/2015_04_24_Jaccard and Arccos/pics/Local.JPG
./slides/beamer/2015_04_24_Jaccard and Arccos/pics/BrusselatorPotential2.eps
./slides/beamer/2015_04_24_Jaccard and Arccos/pics/BrusselatorPotential2-eps-converted-to.pdf
[Dir encountered] ./slides/beamer/2015_04_24_Jaccard and Arccos/pics/Lorenz
0x45e37e0
[Dir encountered] ./slides/beamer/2015_04_24_Jaccard and Arccos/pics/Lorenz/.
[Dir encountered] ./slides/beamer/2015_04_24_Jaccard and Arccos/pics/Lorenz/version3
0x45eb820
[Dir encountered] ./slides/beamer/2015_04_24_Jaccard and Arccos/pics/Lorenz/version3/.
./slides/beamer/2015_04_24_Jaccard and Arccos/pics/Lorenz/version3/2.pdf
./slides/beamer/2015_04_24_Jaccard and Arccos/pics/Lorenz/version3/13.pdf
./slides/beamer/2015_04_24_Jaccard and Arccos/pics/Lorenz/version3/1.pdf
./slides/beamer/2015_04_24_Jaccard and Arccos/pics/Lorenz/version3/3.eps
[Dir encountered] ./slides/beamer/2015_04_24_Jaccard and Arccos/pics/Lorenz/version3/..
./slides/beamer/2015_04_24_Jaccard and Arccos/pics/Lorenz/version3/3.pdf
./slides/beamer/2015_04_24_Jaccard and Arccos/pics/Lorenz/version3/10.pdf
./slides/beamer/2015_04_24_Jaccard and Arccos/pics/Lorenz/version3/2.eps
./slides/beamer/2015_04_24_Jaccard and Arccos/pics/Lorenz/version3/5.pdf
./slides/beamer/2015_04_24_Jaccard and Arccos/pics/Lorenz/version3/10.eps
./slides/beamer/2015_04_24_Jaccard and Arccos/pics/Lorenz/version3/13.eps
./slides/beamer/2015_04_24_Jaccard and Arccos/pics/Lorenz/version3/1.eps
./slides/beamer/2015_04_24_Jaccard and Arccos/pics/Lorenz/version3/5.eps
[Dir encountered] ./slides/beamer/2015_04_24_Jaccard and Arccos/pics/Lorenz/..
[Dir encountered] ./slides/beamer/2015_04_24_Jaccard and Arccos/pics/Lorenz/version1
0x45eb820
./slides/beamer/2015_04_24_Jaccard and Arccos/pics/Lorenz/version1/z30.eps
./slides/beamer/2015_04_24_Jaccard and Arccos/pics/Lorenz/version1/z90-eps-converted-to.pdf
[Dir encountered] ./slides/beamer/2015_04_24_Jaccard and Arccos/pics/Lorenz/version1/.
./slides/beamer/2015_04_24_Jaccard and Arccos/pics/Lorenz/version1/z150.eps
./slides/beamer/2015_04_24_Jaccard and Arccos/pics/Lorenz/version1/z210-eps-converted-to.pdf
./slides/beamer/2015_04_24_Jaccard and Arccos/pics/Lorenz/version1/z30-eps-converted-to.pdf
./slides/beamer/2015_04_24_Jaccard and Arccos/pics/Lorenz/version1/z60.eps
[Dir encountered] ./slides/beamer/2015_04_24_Jaccard and Arccos/pics/Lorenz/version1/..
./slides/beamer/2015_04_24_Jaccard and Arccos/pics/Lorenz/version1/z240-eps-converted-to.pdf
./slides/beamer/2015_04_24_Jaccard and Arccos/pics/Lorenz/version1/z240.eps
./slides/beamer/2015_04_24_Jaccard and Arccos/pics/Lorenz/version1/z150-eps-converted-to.pdf
./slides/beamer/2015_04_24_Jaccard and Arccos/pics/Lorenz/version1/z120.eps
./slides/beamer/2015_04_24_Jaccard and Arccos/pics/Lorenz/version1/z120-eps-converted-to.pdf
./slides/beamer/2015_04_24_Jaccard and Arccos/pics/Lorenz/version1/z210.eps
./slides/beamer/2015_04_24_Jaccard and Arccos/pics/Lorenz/version1/z90.eps
./slides/beamer/2015_04_24_Jaccard and Arccos/pics/Lorenz/version1/z60-eps-converted-to.pdf
./slides/beamer/2015_04_24_Jaccard and Arccos/pics/Lorenz/version1/z180.eps
./slides/beamer/2015_04_24_Jaccard and Arccos/pics/Lorenz/version1/z180-eps-converted-to.pdf
./slides/beamer/2015_04_24_Jaccard and Arccos/pics/Ito.JPG
[Dir encountered] ./slides/beamer/2015_04_24_Jaccard and Arccos/..
./slides/beamer/2015_04_24_Jaccard and Arccos/Presentation.blg
./slides/beamer/2015_04_24_Jaccard and Arccos/presentation.out.bak
./slides/beamer/2015_04_24_Jaccard and Arccos/Presentation.aux
./slides/beamer/2015_04_24_Jaccard and Arccos/Presentation.run.xml
./slides/beamer/2015_04_24_Jaccard and Arccos/presentation.out
./slides/beamer/2015_04_24_Jaccard and Arccos/Presentation.log
./slides/beamer/2015_04_24_Jaccard and Arccos/Presentation.nav
./slides/beamer/2015_04_24_Jaccard and Arccos/Presentation.pdf
./slides/beamer/2015_04_24_Jaccard and Arccos/Presentation.bcf
./slides/beamer/2015_04_24_Jaccard and Arccos/Presentation.tex
./slides/beamer/2015_04_24_Jaccard and Arccos/Presentation.tex.sav
./slides/beamer/2015_04_24_Jaccard and Arccos/Presentation.snm
./slides/2015_09_simulation_algorithms.pdf
./slides/2015_10_simulation_algorithms_share_zhuang.pdf
[Dir encountered] ./slides/2015DAC
0x115ece0
./slides/2015DAC/dac2015.pptx
./slides/2015DAC/dac15_zhuangh_v10.pdf
[Dir encountered] ./slides/2015DAC/.
./slides/2015DAC/dac15_zhuang_er_poster_v3.pptx
./slides/2015DAC/dac15_zhuang_er_poster_v8.pptx
./slides/2015DAC/dac15_zhuang_er_poster_v2.1.pptx
./slides/2015DAC/dac15_zhuangh_v5_submitted.pptx
./slides/2015DAC/dac15_zhuangh_v6.pptx
./slides/2015DAC/dac15_zhuangh_v15.pdf
./slides/2015DAC/Untitled 1.odt
./slides/2015DAC/dac15_zhuangh_v6.pdf
./slides/2015DAC/dac15_zhuangh_v4.pptx
./slides/2015DAC/dac15_zhuangh_v12.pptx
./slides/2015DAC/dac15_v2.pptx
./slides/2015DAC/dac15_zhuangh_v16.pdf
./slides/2015DAC/dac14_matex_poster_v11.pptx
./slides/2015DAC/dac15_zhuang_er_poster_v7.pdf
./slides/2015DAC/dac15_zhuangh_v11.pptx
./slides/2015DAC/dac15_zhuangh_v6 (copy).pptx
./slides/2015DAC/dac15_zhuang_er_poster_v9.pptx
./slides/2015DAC/dac15_zhuang_er_poster_v10.pptx
./slides/2015DAC/dac15_zhuang_er.pptx
[Dir encountered] ./slides/2015DAC/..
./slides/2015DAC/dac15_zhuang_er_poster_v1.pptx
./slides/2015DAC/dac15_zhuangh_v3.pptx
./slides/2015DAC/dac15_zhuangh_v12.pdf
./slides/2015DAC/dac15_zhuang_er_poster_v2.pptx
./slides/2015DAC/dac15_zhuangh_v2.dps
./slides/2015DAC/arnewton.docx
./slides/2015DAC/dac15_zhuangh_v9.pdf
./slides/2015DAC/dac15_zhuang_er_poster_v5.pptx
./slides/2015DAC/dac15_v1.pptx
./slides/2015DAC/dac15_zhuangh_v8.pptx
./slides/2015DAC/dac15_zhuang_er_poster_v6.pptx
./slides/2015DAC/dac15_zhuangh_v15.pptx
./slides/2015DAC/Official_Acceptance_Letter_2015.pdf
./slides/2015DAC/dac15_zhuang_er_poster_v16.pptx
./slides/2015DAC/dac15_zhuang_er_poster_v8.pdf
./slides/2015DAC/dac15_zhuangh_v2.pptx
./slides/2015DAC/dac15_zhuang_er_poster_v11.pptx
./slides/2015DAC/dac15_zhuang_er_poster_v6.pdf
./slides/2015DAC/dac15_zhuang_er_poster_v10.pdf
./slides/2015DAC/dac15_zhuang_er_poster_v4.pptx
./slides/2015DAC/dac15_zhuangh_v7.pptx
./slides/2015DAC/dac15_zhuang_er_poster_v7.pptx
./slides/2015DAC/dac14_matex_poster_v11.pdf
./slides/2015DAC/dac15_zhuangh_v5_submitted.pdf
./slides/2015DAC/dac15_zhuangh_v8.pdf
./slides/2015DAC/dac15_zhuang_er_poster_v16.pdf
./slides/2015DAC/dac15_zhuangh_v3.pdf
./slides/2015DAC/dac15_zhuangh_v9.pptx
./slides/2015DAC/dac15_zhuang_er_poster_v9.pdf
./slides/2015DAC/dac15_zhuangh_v3.ppt
./slides/2015DAC/dac15_zhuangh_v16.pptx
./slides/2015DAC/dac15_zhuangh_v10.pptx
./slides/2015DAC/dac15_zhuang_er_poster_v11.pdf
./slides/2015_09_GlobalPlacement.pptx
./slides/beamer.rar
./.file_dup.cpp (zhuang-Lenovo-Y410P's conflicted copy 2016-02-08).swp
./.file_dup.cpp.swp
./mythread_1.cpp
./hitlog.cpp
[Dir encountered] ./..
./myfork.c
./file_dup.cpp
[Dir encountered] ./file1
0x45ed7d0
[Dir encountered] ./file1/.
./file1/htt.cpp
[Dir encountered] ./file1/..
./file1/haha.txt
./forkfork
./file_dup.cpp~
./.webcrawelgo.go.swp
./file_dup_old.cpp
./md5.cpp
./Makefile
./l-rpc.go
./res.log
./md5.h
./webcrawelgo.go
./md5_dup.cpp
[Dir encountered] ./file2
0x4b9c710
[Dir encountered] ./file2/.
[Dir encountered] ./file2/..
./file2/haha2.txt
./file2/haha.txt
[Dir encountered] ./file2/file22
0x5a39650
[Dir encountered] ./file2/file22/.
[Dir encountered] ./file2/file22/..
./file2/file22/haha22.txt
./fdup
[./fdup, ]
[./res.log, ]
[./Makefile, ]
[./md5.cpp, ./md5_dup.cpp, ]
[./.webcrawelgo.go.swp, ]
[./forkfork, ]
[./myfork.c, ]
[./mythread_1.cpp, ]
[./slides/2015DAC/dac15_zhuang_er_poster_v11.pdf, ]
[./slides/2015DAC/dac15_zhuangh_v16.pptx, ]
[./slides/2015DAC/dac15_zhuangh_v3.ppt, ]
[./slides/2015DAC/dac15_zhuangh_v9.pptx, ]
[./slides/2015DAC/dac15_zhuang_er_poster_v16.pdf, ]
[./slides/2015DAC/dac14_matex_poster_v11.pdf, ]
[./slides/2015DAC/dac15_zhuang_er_poster_v7.pptx, ]
[./slides/beamer.rar, ]
[./slides/2015DAC/dac15_zhuangh_v7.pptx, ]
[./slides/2015DAC/dac15_zhuang_er_poster_v4.pptx, ]
[./slides/2015DAC/dac15_zhuang_er_poster_v10.pdf, ]
[./slides/2015DAC/dac15_zhuang_er_poster_v9.pdf, ]
[./slides/2015DAC/dac15_zhuang_er_poster_v8.pdf, ]
[./slides/2015DAC/dac15_zhuangh_v2.pptx, ]
[./slides/2015DAC/dac15_v1.pptx, ]
[./slides/2015DAC/dac15_zhuang_er_poster_v5.pptx, ]
[./slides/2015DAC/dac15_zhuangh_v9.pdf, ]
[./slides/2015DAC/dac15_zhuang_er_poster_v2.pptx, ]
[./slides/2015DAC/dac15_zhuangh_v12.pdf, ]
[./slides/2015DAC/dac15_zhuang_er_poster_v1.pptx, ]
[./slides/2015DAC/dac15_zhuang_er_poster_v9.pptx, ]
[./slides/2015DAC/dac15_zhuangh_v6 (copy).pptx, ]
[./slides/2015DAC/dac15_zhuang_er_poster_v7.pdf, ]
[./.file_dup.cpp (zhuang-Lenovo-Y410P's conflicted copy 2016-02-08).swp, ]
[./slides/2015DAC/dac15_v2.pptx, ]
[./file2/haha2.txt, ./file2/file22/haha22.txt, ]
[./slides/2015DAC/dac15_zhuangh_v12.pptx, ]
[./file_dup_old.cpp, ]
[./slides/2015DAC/dac15_zhuangh_v4.pptx, ]
[./hitlog.cpp, ./file1/htt.cpp, ]
[./slides/beamer/2015_04_24_Jaccard and Arccos/pics/BrusselatorPotential2-eps-converted-to.pdf, ]
[./slides/beamer/2015_04_24_Jaccard and Arccos/pics/Lorenz/version3/5.eps, ]
[./slides/beamer/2015_04_24_Jaccard and Arccos/pics/BrusselatorPotential2.eps, ]
[./slides/beamer/2015_04_24_Jaccard and Arccos/pics/Local.JPG, ]
[./slides/2015_09_GlobalPlacement.pptx, ]
[./slides/beamer/2015_04_24_Jaccard and Arccos/pics/LorenzAttractor.jpg, ]
[./slides/beamer/2015_04_24_Jaccard and Arccos/Presentation.bbl, ./slides/beamer/2015_04_24_Jaccard and Arccos/Presentation.snm, ./file1/haha.txt, ./file2/haha.txt, ]
[./slides/2015EMC/emc15_zhuangh_v4.pptx, ]
[./slides/beamer/2015_04_24_Jaccard and Arccos/pics/LorenzSurface.JPG, ]
[./l-rpc.go, ]
[./slides/beamer/2015_04_24_Jaccard and Arccos/pics/Lorenz/version1/z210.eps, ]
[./slides/2015DAC/dac15_zhuang_er_poster_v11.pptx, ]
[./slides/beamer/2015_04_24_Jaccard and Arccos/pics/A-Type.JPG, ]
[./slides/beamer/2015_04_24_Jaccard and Arccos/pics/Lorenz/version1/z120-eps-converted-to.pdf, ]
[./slides/2015DAC/arnewton.docx, ]
[./slides/2015_SiliconValley_talk/SimExp_v3.pptx, ]
[./slides/beamer/2015_04_24_Jaccard and Arccos/Presentation.tex.bak, ]
[./slides/beamer/2015_04_24_Jaccard and Arccos/Presentation.synctex.gz, ]
[./slides/2015_09_simulation_algorithms_v3.pdf, ./slides/2015China/2015_09_simulation_algorithms_v3.pdf, ]
[./slides/beamer/2015_04_24_Jaccard and Arccos/Presentation.toc, ]
[./slides/2015EMC/emc15_zhuangh_v1.pptx, ]
[./slides/2015DAC/dac15_zhuangh_v10.pdf, ]
[./slides/2015China/2015_09_simulation_algorithms.pdf, ./slides/2015_09_simulation_algorithms.pdf, ]
[./slides/2015EMC/emc15_zhuangh_v4.pdf, ]
[./slides/2015EMC/emc15_v1.pptx, ]
[./slides/beamer/2015_04_24_Jaccard and Arccos/pics/Lorenz/version1/z30.eps, ]
[./slides/beamer/2015_04_24_Jaccard and Arccos/pics/Lorenz/version1/z180-eps-converted-to.pdf, ]
[./slides/2015DAC/dac15_zhuang_er_poster_v10.pptx, ]
[./slides/emc15_zhuangh_v4.ppt, ]
[./slides/2015_10_simulation_algorithms_hku_zhuang.pptx, ]
[./slides/beamer/2015_04_24_Jaccard and Arccos/pics/attractor.JPG, ]
[./slides/beamer/2015_04_24_Jaccard and Arccos/presentation.out, ]
[./parallel_sorting.cpp, ./file_dup.cpp~, ]
[./slides/beamer/2015_04_24_Jaccard and Arccos/pics/Transition.jpg, ]
[./slides/2015DAC/dac15_zhuangh_v10.pptx, ]
[./slides/2015DAC/dac15_zhuang_er_poster_v6.pptx, ]
[./slides/simulation_algorithms.pptx, ]
[./slides/2015EMC/dac15_v2.pptx, ]
[./slides/2015DAC/dac15_zhuangh_v16.pdf, ]
[./slides/beamer/2015_04_24_Jaccard and Arccos/pics/VanDerPol.JPG, ]
[./slides/emc15_zhuangh_v4_v1.ppt, ]
[./slides/2015_SiliconValley_talk/SimExpCK_v5.pptx, ./slides/2015EMC/SimExpCK_v5.pptx, ]
[./slides/beamer/2015_04_24_Jaccard and Arccos/pics/Decomposition.JPG, ]
[./slides/2015_09_simulation_algorithms_v3.pptx, ./slides/2015China/2015_09_simulation_algorithms_v3.pptx, ]
[./slides/2015_SiliconValley_talk/SimExpCK_v2.pptx, ]
[./slides/beamer/2015_04_24_Jaccard and Arccos/pics/Lorenz/version3/1.pdf, ]
[./slides/2015DAC/Official_Acceptance_Letter_2015.pdf, ]
[./slides/2015EMC/emc15_zhuangh_v2.pptx, ]
[./slides/2015China/2015_10_simulation_algorithms_share_zhuang.pdf, ./slides/2015_10_simulation_algorithms_share_zhuang.pdf, ]
[./slides/2015DAC/dac15_zhuangh_v2.dps, ]
[./slides/2015_SiliconValley_talk/SimExpCK_v6.pptx, ]
[./slides/2015_SiliconValley_talk/SimExp_v2.pptx, ]
[./slides/2015_SiliconValley_talk/SimExp.pptx, ]
[./slides/2015DAC/Untitled 1.odt, ]
[./slides/2015DAC/dac15_zhuangh_v3.pptx, ]
[./slides/2015_SiliconValley_talk/SimExpCK.pptx, ]
[./slides/2015_10_simulation_algorithms_share_zhuang.pptx, ./slides/2015China/2015_10_simulation_algorithms_share_zhuang.pptx, ]
[./slides/beamer/2015_04_24_Jaccard and Arccos/pics/Lorenz/version1/z180.eps, ]
[./slides/2015_09_simulation_algorithms.pptx, ./slides/2015China/2015_09_simulation_algorithms.pptx, ]
[./slides/2015DAC/dac15_zhuang_er_poster_v6.pdf, ]
[./slides/beamer/2015_04_24_Jaccard and Arccos/pics/Transition.bmp, ]
[./slides/beamer/2015_04_24_Jaccard and Arccos/pics/Lorenz/version3/2.eps, ]
[./slides/2015EMC/emc15_zhuangh_v3.pptx, ]
[./slides/2015DAC/dac15_zhuangh_v5_submitted.pdf, ]
[./slides/2015DAC/dac15_zhuangh_v8.pptx, ]
[./slides/2015DAC/dac15_zhuang_er_poster_v2.1.pptx, ]
[./slides/beamer/2015_04_24_Jaccard and Arccos/pics/Lorenz/version3/2.pdf, ]
[./slides/2015DAC/dac15_zhuangh_v11.pptx, ]
[./slides/beamer/2015_04_24_Jaccard and Arccos/pics/Lorenz/version3/13.pdf, ]
[./md5.h, ]
[./slides/2015DAC/dac15_zhuangh_v8.pdf, ]
[./slides/2015_SiliconValley_talk/SimExpCK_v4.pptx, ]
[./slides/beamer/2015_04_24_Jaccard and Arccos/pics/Lorenz/version3/3.eps, ]
[./slides/beamer/2015_04_24_Jaccard and Arccos/pics/Lorenz/version3/3.pdf, ]
[./slides/beamer/2015_04_24_Jaccard and Arccos/pics/Lorenz/version3/10.pdf, ]
[./slides/beamer/2015_04_24_Jaccard and Arccos/pics/Lorenz/version1/z90.eps, ]
[./slides/beamer/2015_04_24_Jaccard and Arccos/pics/Lorenz/version3/5.pdf, ]
[./slides/2015DAC/dac14_matex_poster_v11.pptx, ./slides/2015DAC/dac15_zhuang_er.pptx, ]
[./slides/beamer/2015_04_24_Jaccard and Arccos/pics/Lorenz/version3/10.eps, ]
[./slides/2015DAC/dac15_zhuangh_v6.pdf, ]
[./slides/beamer/2015_04_24_Jaccard and Arccos/pics/Lorenz/version3/13.eps, ]
[./mythread_2.cpp, ]
[./slides/beamer/2015_04_24_Jaccard and Arccos/pics/Lorenz/version1/z90-eps-converted-to.pdf, ]
[./slides/2015DAC/dac15_zhuangh_v15.pptx, ]
[./slides/beamer/2015_04_24_Jaccard and Arccos/pics/Lorenz/version1/z30-eps-converted-to.pdf, ]
[./slides/beamer/2015_04_24_Jaccard and Arccos/pics/Lorenz/version1/z150.eps, ]
[./.file_dup.cpp.swp, ]
[./slides/beamer/2015_04_24_Jaccard and Arccos/pics/Surface.JPG, ]
[./slides/2015_SiliconValley_talk/SimExpCK_v3.pptx, ]
[./slides/beamer/2015_04_24_Jaccard and Arccos/pics/Lorenz/version1/z210-eps-converted-to.pdf, ]
[./webcrawelgo.go, ]
[./slides/2015DAC/dac15_zhuang_er_poster_v16.pptx, ]
[./slides/beamer/2015_04_24_Jaccard and Arccos/pics/Fractal.JPG, ]
[./slides/2015DAC/dac15_zhuang_er_poster_v3.pptx, ]
[./slides/2015DAC/dac15_zhuang_er_poster_v8.pptx, ]
[./slides/beamer/2015_04_24_Jaccard and Arccos/pics/Lorenz/version1/z60.eps, ]
[./slides/beamer/2015_04_24_Jaccard and Arccos/pics/Lorenz/version1/z240-eps-converted-to.pdf, ]
[./slides/beamer/2015_04_24_Jaccard and Arccos/pics/Lorenz/version1/z240.eps, ]
[./slides/2015DAC/dac15_zhuangh_v15.pdf, ]
[./slides/beamer/2015_04_24_Jaccard and Arccos/pics/Lorenz/version1/z150-eps-converted-to.pdf, ]
[./slides/beamer/2015_04_24_Jaccard and Arccos/pics/Lorenz/version1/z120.eps, ]
[./slides/beamer/2015_04_24_Jaccard and Arccos/pics/Ito.JPG, ]
[./slides/beamer/2015_04_24_Jaccard and Arccos/Presentation.blg, ]
[./slides/beamer/2015_04_24_Jaccard and Arccos/presentation.out.bak, ]
[./slides/2015EMC/emc15_zhuangh_v3.pdf, ]
[./slides/beamer/2015_04_24_Jaccard and Arccos/Presentation.aux, ]
[./slides/beamer/2015_04_24_Jaccard and Arccos/Presentation.bcf, ]
[./file_dup.cpp, ]
[./slides/beamer/2015_04_24_Jaccard and Arccos/Presentation.run.xml, ]
[./slides/beamer/2015_04_24_Jaccard and Arccos/Presentation.log, ]
[./slides/beamer/2015_04_24_Jaccard and Arccos/Presentation.nav, ]
[./slides/2015DAC/dac15_zhuangh_v6.pptx, ]
[./slides/beamer/2015_04_24_Jaccard and Arccos/Presentation.pdf, ]
[./slides/beamer/2015_04_24_Jaccard and Arccos/pics/Lorenz/version3/1.eps, ]
[./slides/beamer/2015_04_24_Jaccard and Arccos/Presentation.tex, ]
[./slides/beamer/2015_04_24_Jaccard and Arccos/Presentation.tex.sav, ]
[./slides/beamer/2015_04_24_Jaccard and Arccos/pics/Lorenz/version1/z60-eps-converted-to.pdf, ]
[./slides/2015DAC/dac2015.pptx, ]
[./slides/2015DAC/dac15_zhuangh_v3.pdf, ]
[./slides/2015DAC/dac15_zhuangh_v5_submitted.pptx, ]
file numbers = 1
file numbers = 1
file numbers = 1
file numbers = 2
file numbers = 1
file numbers = 1
file numbers = 1
file numbers = 1
file numbers = 1
file numbers = 1
file numbers = 1
file numbers = 1
file numbers = 1
file numbers = 1
file numbers = 1
file numbers = 1
file numbers = 1
file numbers = 1
file numbers = 1
file numbers = 1
file numbers = 1
file numbers = 1
file numbers = 1
file numbers = 1
file numbers = 1
file numbers = 1
file numbers = 1
file numbers = 1
file numbers = 1
file numbers = 1
file numbers = 1
file numbers = 1
file numbers = 1
file numbers = 2
file numbers = 1
file numbers = 1
file numbers = 1
file numbers = 2
file numbers = 1
file numbers = 1
file numbers = 1
file numbers = 1
file numbers = 1
file numbers = 1
file numbers = 4
file numbers = 1
file numbers = 1
file numbers = 1
file numbers = 1
file numbers = 1
file numbers = 1
file numbers = 1
file numbers = 1
file numbers = 1
file numbers = 1
file numbers = 1
file numbers = 2
file numbers = 1
file numbers = 1
file numbers = 1
file numbers = 2
file numbers = 1
file numbers = 1
file numbers = 1
file numbers = 1
file numbers = 1
file numbers = 1
file numbers = 1
file numbers = 1
file numbers = 1
file numbers = 2
file numbers = 1
file numbers = 1
file numbers = 1
file numbers = 1
file numbers = 1
file numbers = 1
file numbers = 1
file numbers = 1
file numbers = 2
file numbers = 1
file numbers = 2
file numbers = 1
file numbers = 1
file numbers = 1
file numbers = 1
file numbers = 2
file numbers = 1
file numbers = 1
file numbers = 1
file numbers = 1
file numbers = 1
file numbers = 1
file numbers = 1
file numbers = 2
file numbers = 1
file numbers = 2
file numbers = 1
file numbers = 1
file numbers = 1
file numbers = 1
file numbers = 1
file numbers = 1
file numbers = 1
file numbers = 1
file numbers = 1
file numbers = 1
file numbers = 1
file numbers = 1
file numbers = 1
file numbers = 1
file numbers = 1
file numbers = 1
file numbers = 1
file numbers = 1
file numbers = 2
file numbers = 1
file numbers = 1
file numbers = 1
file numbers = 1
file numbers = 1
file numbers = 1
file numbers = 1
file numbers = 1
file numbers = 1
file numbers = 1
file numbers = 1
file numbers = 1
file numbers = 1
file numbers = 1
file numbers = 1
file numbers = 1
file numbers = 1
file numbers = 1
file numbers = 1
file numbers = 1
file numbers = 1
file numbers = 1
file numbers = 1
file numbers = 1
file numbers = 1
file numbers = 1
file numbers = 1
file numbers = 1
file numbers = 1
file numbers = 1
file numbers = 1
file numbers = 1
file numbers = 1
file numbers = 1
file numbers = 1
file numbers = 1
file numbers = 1
file numbers = 1
file numbers = 1
file numbers = 1
file numbers = 1
file numbers = 1
map size = 158
